<?xml version="1.0" encoding="UTF-8"?>
<!-- Generated by org.testng.reporters.JUnitReportReporter -->
<testsuite hostname="MT-63K15L3" failures="0" tests="10" name="runner.TestExecution" time="162.162" errors="0" timestamp="2022-07-30T13:25:07 IST" skipped="0">
  <testcase classname="runner.TestExecution" name="createAccount" time="20.563"/>
  <system-out/>
  <testcase classname="runner.TestExecution" name="shopProductPacsTC1" time="18.044"/>
  <system-out/>
  <testcase classname="runner.TestExecution" name="searchPowder" time="14.996"/>
  <system-out/>
  <testcase classname="runner.TestExecution" name="liveChat" time="11.854"/>
  <system-out/>
  <testcase classname="runner.TestExecution" name="Language" time="18.725"/>
  <system-out/>
  <testcase classname="runner.TestExecution" name="liquidProducts" time="14.795"/>
  <system-out/>
  <testcase classname="runner.TestExecution" name="stainRemoval" time="22.712"/>
  <system-out/>
  <testcase classname="runner.TestExecution" name="tideInSpace" time="15.867"/>
  <system-out/>
  <testcase classname="runner.TestExecution" name="tideLaundry" time="12.114"/>
  <system-out/>
  <testcase classname="runner.TestExecution" name="tideDeepClean" time="12.492"/>
  <system-out/>
</testsuite> <!-- runner.TestExecution -->
