<?xml version="1.0" encoding="UTF-8"?>
<!-- Generated by org.testng.reporters.JUnitReportReporter -->
<testsuite hostname="MT-63K15L3" failures="0" tests="10" name="runner.TestExecution" time="225.760" errors="0" timestamp="2022-07-30T14:51:57 IST" skipped="0">
  <testcase classname="runner.TestExecution" name="createAccount" time="28.980"/>
  <system-out/>
  <testcase classname="runner.TestExecution" name="shopProductPacsTC1" time="25.443"/>
  <system-out/>
  <testcase classname="runner.TestExecution" name="searchPowder" time="23.899"/>
  <system-out/>
  <testcase classname="runner.TestExecution" name="liveChat" time="19.859"/>
  <system-out/>
  <testcase classname="runner.TestExecution" name="Language" time="29.548"/>
  <system-out/>
  <testcase classname="runner.TestExecution" name="liquidProducts" time="20.150"/>
  <system-out/>
  <testcase classname="runner.TestExecution" name="stainRemoval" time="20.089"/>
  <system-out/>
  <testcase classname="runner.TestExecution" name="tideInSpace" time="16.779"/>
  <system-out/>
  <testcase classname="runner.TestExecution" name="tideLaundry" time="20.065"/>
  <system-out/>
  <testcase classname="runner.TestExecution" name="tideDeepClean" time="20.948"/>
  <system-out/>
</testsuite> <!-- runner.TestExecution -->
